nohup: ignoring input

> cryptoconsultsolana@0.0.1 dev
> vite --host --port 5176

Port 5176 is in use, trying another one...
Port 5177 is in use, trying another one...

  VITE v4.5.14  ready in 1136 ms

  ➜  Local:   http://localhost:5178/
  ➜  Network: http://10.5.0.2:5178/
  ➜  Network: http://10.0.0.139:5178/
7:20:16 PM [vite] page reload public/index.html
7:49:03 PM [vite] page reload public/index.html
7:52:17 PM [vite] page reload dist/index.html
7:54:19 PM [vite] page reload index.html
7:55:03 PM [vite] page reload dist/index.html
7:57:50 PM [vite] vite.config.ts changed, restarting server...
7:57:50 PM [vite] vite.config.ts changed, restarting server...
7:57:50 PM [vite] server restarted.

  ➜  Local:   http://localhost:5176/
  ➜  Network: http://10.5.0.2:5176/
  ➜  Network: http://10.0.0.139:5176/
8:02:04 PM [vite] page reload index.html
8:17:22 PM [vite] page reload index.html
8:36:34 PM [vite] page reload index.html
9:00:50 PM [vite] page reload whitepaper.html
9:16:01 PM [vite] page reload index.html
9:31:36 PM [vite] page reload index.html
9:38:46 PM [vite] page reload whitepaper.html
9:40:28 PM [vite] page reload blog.html
01 PM [vite] page reload index.html
9:31:36 PM [vite] page reload index.html
9:38:46 PM [vite] page reload whitepaper.html
9:40:28 PM [vite] page reload blog.html
page reload whitepaper.html
9:40:28 PM [vite] page reload blog.html
